2024-05-31T17:22:17.754+03:00  INFO 736 --- [ruit-supply] [restartedMain] c.e.ruit_supply.RuitSupplyApplication    : Starting RuitSupplyApplication using Java 21.0.2 with PID 736 (C:\Users\user\Downloads\ruit-supply\target\classes started by user in C:\Users\user\Downloads\ruit-supply)
2024-05-31T17:22:17.819+03:00  INFO 736 --- [ruit-supply] [restartedMain] c.e.ruit_supply.RuitSupplyApplication    : No active profile set, falling back to 1 default profile: "default"
2024-05-31T17:22:17.902+03:00  INFO 736 --- [ruit-supply] [restartedMain] .e.DevToolsPropertyDefaultsPostProcessor : Devtools property defaults active! Set 'spring.devtools.add-properties' to 'false' to disable
2024-05-31T17:22:17.903+03:00  INFO 736 --- [ruit-supply] [restartedMain] .e.DevToolsPropertyDefaultsPostProcessor : For additional web related logging consider setting the 'logging.level.web' property to 'DEBUG'
2024-05-31T17:22:19.310+03:00  INFO 736 --- [ruit-supply] [restartedMain] .s.d.r.c.RepositoryConfigurationDelegate : Bootstrapping Spring Data JPA repositories in DEFAULT mode.
2024-05-31T17:22:19.360+03:00  INFO 736 --- [ruit-supply] [restartedMain] .s.d.r.c.RepositoryConfigurationDelegate : Finished Spring Data repository scanning in 44 ms. Found 5 JPA repository interfaces.
2024-05-31T17:22:20.134+03:00  INFO 736 --- [ruit-supply] [restartedMain] o.s.b.w.embedded.tomcat.TomcatWebServer  : Tomcat initialized with port 8080 (http)
2024-05-31T17:22:20.145+03:00  INFO 736 --- [ruit-supply] [restartedMain] o.apache.catalina.core.StandardService   : Starting service [Tomcat]
2024-05-31T17:22:20.146+03:00  INFO 736 --- [ruit-supply] [restartedMain] o.apache.catalina.core.StandardEngine    : Starting Servlet engine: [Apache Tomcat/10.1.24]
2024-05-31T17:22:20.194+03:00  INFO 736 --- [ruit-supply] [restartedMain] o.a.c.c.C.[Tomcat].[localhost].[/]       : Initializing Spring embedded WebApplicationContext
2024-05-31T17:22:20.194+03:00  INFO 736 --- [ruit-supply] [restartedMain] w.s.c.ServletWebServerApplicationContext : Root WebApplicationContext: initialization completed in 2290 ms
2024-05-31T17:22:20.371+03:00 DEBUG 736 --- [ruit-supply] [restartedMain] o.s.w.f.ServerHttpObservationFilter      : Filter 'webMvcObservationFilter' configured for use
2024-05-31T17:22:20.506+03:00  INFO 736 --- [ruit-supply] [restartedMain] o.hibernate.jpa.internal.util.LogHelper  : HHH000204: Processing PersistenceUnitInfo [name: default]
2024-05-31T17:22:20.581+03:00  INFO 736 --- [ruit-supply] [restartedMain] org.hibernate.Version                    : HHH000412: Hibernate ORM core version 6.5.2.Final
2024-05-31T17:22:20.618+03:00  INFO 736 --- [ruit-supply] [restartedMain] o.h.c.internal.RegionFactoryInitiator    : HHH000026: Second-level cache disabled
2024-05-31T17:22:20.951+03:00  INFO 736 --- [ruit-supply] [restartedMain] o.s.o.j.p.SpringPersistenceUnitInfo      : No LoadTimeWeaver setup: ignoring JPA class transformer
2024-05-31T17:22:20.986+03:00  INFO 736 --- [ruit-supply] [restartedMain] com.zaxxer.hikari.HikariDataSource       : HikariPool-1 - Starting...
2024-05-31T17:22:21.361+03:00  INFO 736 --- [ruit-supply] [restartedMain] com.zaxxer.hikari.pool.HikariPool        : HikariPool-1 - Added connection org.postgresql.jdbc.PgConnection@6cb7063a
2024-05-31T17:22:21.362+03:00  INFO 736 --- [ruit-supply] [restartedMain] com.zaxxer.hikari.HikariDataSource       : HikariPool-1 - Start completed.
2024-05-31T17:22:21.424+03:00  WARN 736 --- [ruit-supply] [restartedMain] org.hibernate.orm.deprecation            : HHH90000025: PostgreSQLDialect does not need to be specified explicitly using 'hibernate.dialect' (remove the property setting and it will be selected by default)
2024-05-31T17:22:22.211+03:00  INFO 736 --- [ruit-supply] [restartedMain] o.h.e.t.j.p.i.JtaPlatformInitiator       : HHH000489: No JTA platform available (set 'hibernate.transaction.jta.platform' to enable JTA platform integration)
2024-05-31T17:22:22.350+03:00  INFO 736 --- [ruit-supply] [restartedMain] j.LocalContainerEntityManagerFactoryBean : Initialized JPA EntityManagerFactory for persistence unit 'default'
2024-05-31T17:22:22.905+03:00  WARN 736 --- [ruit-supply] [restartedMain] JpaBaseConfiguration$JpaWebConfiguration : spring.jpa.open-in-view is enabled by default. Therefore, database queries may be performed during view rendering. Explicitly configure spring.jpa.open-in-view to disable this warning
2024-05-31T17:22:23.011+03:00 DEBUG 736 --- [ruit-supply] [restartedMain] s.w.s.m.m.a.RequestMappingHandlerMapping : 14 mappings in 'requestMappingHandlerMapping'
2024-05-31T17:22:23.126+03:00 DEBUG 736 --- [ruit-supply] [restartedMain] o.s.w.s.handler.SimpleUrlHandlerMapping  : Patterns [/webjars/**, /**] in 'resourceHandlerMapping'
2024-05-31T17:22:23.171+03:00 DEBUG 736 --- [ruit-supply] [restartedMain] s.w.s.m.m.a.RequestMappingHandlerAdapter : ControllerAdvice beans: 0 @ModelAttribute, 0 @InitBinder, 1 RequestBodyAdvice, 1 ResponseBodyAdvice
2024-05-31T17:22:23.205+03:00 DEBUG 736 --- [ruit-supply] [restartedMain] .m.m.a.ExceptionHandlerExceptionResolver : ControllerAdvice beans: 0 @ExceptionHandler, 1 ResponseBodyAdvice
2024-05-31T17:22:23.514+03:00  INFO 736 --- [ruit-supply] [restartedMain] o.s.b.d.a.OptionalLiveReloadServer       : LiveReload server is running on port 35729
2024-05-31T17:22:23.525+03:00  INFO 736 --- [ruit-supply] [restartedMain] o.s.b.a.e.web.EndpointLinksResolver      : Exposing 1 endpoint beneath base path '/actuator'
2024-05-31T17:22:23.589+03:00  INFO 736 --- [ruit-supply] [restartedMain] o.s.b.w.embedded.tomcat.TomcatWebServer  : Tomcat started on port 8080 (http) with context path '/'
2024-05-31T17:22:23.603+03:00  INFO 736 --- [ruit-supply] [restartedMain] c.e.ruit_supply.RuitSupplyApplication    : Started RuitSupplyApplication in 6.427 seconds (process running for 7.452)
2024-05-31T17:27:24.731+03:00  INFO 736 --- [ruit-supply] [http-nio-8080-exec-2] o.a.c.c.C.[Tomcat].[localhost].[/]       : Initializing Spring DispatcherServlet 'dispatcherServlet'
2024-05-31T17:27:24.731+03:00  INFO 736 --- [ruit-supply] [http-nio-8080-exec-2] o.s.web.servlet.DispatcherServlet        : Initializing Servlet 'dispatcherServlet'
2024-05-31T17:27:24.731+03:00 DEBUG 736 --- [ruit-supply] [http-nio-8080-exec-2] o.s.web.servlet.DispatcherServlet        : Detected StandardServletMultipartResolver
2024-05-31T17:27:24.731+03:00 DEBUG 736 --- [ruit-supply] [http-nio-8080-exec-2] o.s.web.servlet.DispatcherServlet        : Detected AcceptHeaderLocaleResolver
2024-05-31T17:27:24.732+03:00 DEBUG 736 --- [ruit-supply] [http-nio-8080-exec-2] o.s.web.servlet.DispatcherServlet        : Detected FixedThemeResolver
2024-05-31T17:27:24.732+03:00 DEBUG 736 --- [ruit-supply] [http-nio-8080-exec-2] o.s.web.servlet.DispatcherServlet        : Detected org.springframework.web.servlet.view.DefaultRequestToViewNameTranslator@5b3e30fc
2024-05-31T17:27:24.732+03:00 DEBUG 736 --- [ruit-supply] [http-nio-8080-exec-2] o.s.web.servlet.DispatcherServlet        : Detected org.springframework.web.servlet.support.SessionFlashMapManager@1c1689fa
2024-05-31T17:27:24.733+03:00 DEBUG 736 --- [ruit-supply] [http-nio-8080-exec-2] o.s.web.servlet.DispatcherServlet        : enableLoggingRequestDetails='false': request parameters and headers will be masked to prevent unsafe logging of potentially sensitive data
2024-05-31T17:27:24.733+03:00  INFO 736 --- [ruit-supply] [http-nio-8080-exec-2] o.s.web.servlet.DispatcherServlet        : Completed initialization in 2 ms
2024-05-31T17:27:24.750+03:00 DEBUG 736 --- [ruit-supply] [http-nio-8080-exec-2] o.s.web.servlet.DispatcherServlet        : GET "/reports?startDate=2024-01-01&endDate=2024-12-31", parameters={masked}
2024-05-31T17:27:24.755+03:00 DEBUG 736 --- [ruit-supply] [http-nio-8080-exec-2] s.w.s.m.m.a.RequestMappingHandlerMapping : Mapped to com.example.ruit_supply.Controller.ReportController#generateReport(String, String)
2024-05-31T17:27:24.864+03:00 DEBUG 736 --- [ruit-supply] [http-nio-8080-exec-2] m.m.a.RequestResponseBodyMethodProcessor : Using 'application/json', given [*/*] and supported [application/json, application/*+json]
2024-05-31T17:27:24.866+03:00 DEBUG 736 --- [ruit-supply] [http-nio-8080-exec-2] m.m.a.RequestResponseBodyMethodProcessor : Writing [[ReportEntry{supplierName='Supplier B', totalWeight=976.0, totalCost=2440.0}, ReportEntry{supplierNa (truncated)...]
2024-05-31T17:27:24.902+03:00 DEBUG 736 --- [ruit-supply] [http-nio-8080-exec-2] o.s.web.servlet.DispatcherServlet        : Completed 200 OK
2024-05-31T17:40:03.144+03:00  INFO 736 --- [ruit-supply] [SpringApplicationShutdownHook] j.LocalContainerEntityManagerFactoryBean : Closing JPA EntityManagerFactory for persistence unit 'default'
2024-05-31T17:40:03.146+03:00  INFO 736 --- [ruit-supply] [SpringApplicationShutdownHook] com.zaxxer.hikari.HikariDataSource       : HikariPool-1 - Shutdown initiated...
2024-05-31T17:40:03.151+03:00  INFO 736 --- [ruit-supply] [SpringApplicationShutdownHook] com.zaxxer.hikari.HikariDataSource       : HikariPool-1 - Shutdown completed.
